<?xml version="1.0" encoding="UTF-8"?>
<testng-results ignored="3" total="11" passed="7" failed="1" skipped="0">
  <reporter-output>
  </reporter-output>
  <suite started-at="2024-01-09T00:16:37 EET" name="Surefire suite" finished-at="2024-01-09T00:17:19 EET" duration-ms="42357">
    <groups>
    </groups>
    <test started-at="2024-01-09T00:16:37 EET" name="Surefire test" finished-at="2024-01-09T00:17:19 EET" duration-ms="42357">
      <class name="EditProfileTest">
        <test-method is-config="true" signature="setupTestSuite()[pri:0, instance:EditProfileTest@2bbf180e]" started-at="2024-01-09T00:16:35 EET" name="setupTestSuite" finished-at="2024-01-09T00:16:37 EET" duration-ms="1508" status="PASS">
          <reporter-output>
          </reporter-output>
        </test-method> <!-- setupTestSuite -->
        <test-method is-config="true" signature="setupMethods()[pri:0, instance:EditProfileTest@2bbf180e]" started-at="2024-01-09T00:16:37 EET" name="setupMethods" finished-at="2024-01-09T00:16:39 EET" duration-ms="2221" status="PASS">
          <reporter-output>
          </reporter-output>
        </test-method> <!-- setupMethods -->
        <test-method signature="EditProfile(java.lang.String,java.lang.String,java.io.File)[pri:0, instance:EditProfileTest@2bbf180e]" started-at="2024-01-09T00:16:39 EET" name="EditProfile" data-provider="UserInformation" finished-at="2024-01-09T00:16:42 EET" duration-ms="2690" status="PASS">
          <params>
            <param index="0">
              <value>
                <![CDATA[Iliyana4]]>
              </value>
            </param>
            <param index="1">
              <value>
                <![CDATA[123456]]>
              </value>
            </param>
            <param index="2">
              <value>
                <![CDATA[src\main\resources\Upload\download.jpg]]>
              </value>
            </param>
          </params>
          <reporter-output>
          </reporter-output>
        </test-method> <!-- EditProfile -->
        <test-method is-config="true" signature="setupAftermethods(org.testng.ITestResult)[pri:0, instance:EditProfileTest@2bbf180e]" started-at="2024-01-09T00:16:42 EET" name="setupAftermethods" finished-at="2024-01-09T00:16:42 EET" duration-ms="236" status="PASS">
          <params>
            <param index="0">
              <value>
                <![CDATA[[TestResult name=EditProfile status=SUCCESS method=EditProfileTest.EditProfile(java.lang.String,java.lang.String,java.io.File)[pri:0, instance:EditProfileTest@2bbf180e] output={null}]]]>
              </value>
            </param>
          </params>
          <reporter-output>
          </reporter-output>
        </test-method> <!-- setupAftermethods -->
      </class> <!-- EditProfileTest -->
      <class name="LikeUnlikeAndCommentPostTest">
        <test-method is-config="true" signature="setupMethods()[pri:0, instance:LikeUnlikeAndCommentPostTest@159f197]" started-at="2024-01-09T00:16:51 EET" name="setupMethods" finished-at="2024-01-09T00:16:53 EET" duration-ms="1631" status="PASS">
          <reporter-output>
          </reporter-output>
        </test-method> <!-- setupMethods -->
        <test-method signature="LikeUnlikeCommentPost(java.lang.String,java.lang.String)[pri:0, instance:LikeUnlikeAndCommentPostTest@159f197]" started-at="2024-01-09T00:16:53 EET" name="LikeUnlikeCommentPost" data-provider="UserInformation" finished-at="2024-01-09T00:16:55 EET" duration-ms="2548" status="PASS">
          <params>
            <param index="0">
              <value>
                <![CDATA[Iliyana1]]>
              </value>
            </param>
            <param index="1">
              <value>
                <![CDATA[123456]]>
              </value>
            </param>
          </params>
          <reporter-output>
          </reporter-output>
        </test-method> <!-- LikeUnlikeCommentPost -->
        <test-method is-config="true" signature="setupAftermethods(org.testng.ITestResult)[pri:0, instance:LikeUnlikeAndCommentPostTest@159f197]" started-at="2024-01-09T00:16:55 EET" name="setupAftermethods" finished-at="2024-01-09T00:16:56 EET" duration-ms="168" status="PASS">
          <params>
            <param index="0">
              <value>
                <![CDATA[[TestResult name=LikeUnlikeCommentPost status=SUCCESS method=LikeUnlikeAndCommentPostTest.LikeUnlikeCommentPost(java.lang.String,java.lang.String)[pri:0, instance:LikeUnlikeAndCommentPostTest@159f197] output={null}]]]>
              </value>
            </param>
          </params>
          <reporter-output>
          </reporter-output>
        </test-method> <!-- setupAftermethods -->
        <test-method is-config="true" signature="setupMethods()[pri:0, instance:LikeUnlikeAndCommentPostTest@159f197]" started-at="2024-01-09T00:16:56 EET" name="setupMethods" finished-at="2024-01-09T00:16:57 EET" duration-ms="1505" status="PASS">
          <reporter-output>
          </reporter-output>
        </test-method> <!-- setupMethods -->
        <test-method signature="LikeUnlikeCommentPost(java.lang.String,java.lang.String)[pri:0, instance:LikeUnlikeAndCommentPostTest@159f197]" started-at="2024-01-09T00:16:57 EET" name="LikeUnlikeCommentPost" data-provider="UserInformation" finished-at="2024-01-09T00:17:00 EET" duration-ms="2606" status="PASS">
          <params>
            <param index="0">
              <value>
                <![CDATA[Iliyana1]]>
              </value>
            </param>
            <param index="1">
              <value>
                <![CDATA[123456]]>
              </value>
            </param>
          </params>
          <reporter-output>
          </reporter-output>
        </test-method> <!-- LikeUnlikeCommentPost -->
        <test-method is-config="true" signature="setupAftermethods(org.testng.ITestResult)[pri:0, instance:LikeUnlikeAndCommentPostTest@159f197]" started-at="2024-01-09T00:17:00 EET" name="setupAftermethods" finished-at="2024-01-09T00:17:00 EET" duration-ms="159" status="PASS">
          <params>
            <param index="0">
              <value>
                <![CDATA[[TestResult name=LikeUnlikeCommentPost status=SUCCESS method=LikeUnlikeAndCommentPostTest.LikeUnlikeCommentPost(java.lang.String,java.lang.String)[pri:0, instance:LikeUnlikeAndCommentPostTest@159f197] output={null}]]]>
              </value>
            </param>
          </params>
          <reporter-output>
          </reporter-output>
        </test-method> <!-- setupAftermethods -->
        <test-method is-config="true" signature="setupMethods()[pri:0, instance:LikeUnlikeAndCommentPostTest@159f197]" started-at="2024-01-09T00:17:00 EET" name="setupMethods" finished-at="2024-01-09T00:17:02 EET" duration-ms="1588" status="PASS">
          <reporter-output>
          </reporter-output>
        </test-method> <!-- setupMethods -->
        <test-method signature="LikeUnlikeCommentPost(java.lang.String,java.lang.String)[pri:0, instance:LikeUnlikeAndCommentPostTest@159f197]" started-at="2024-01-09T00:17:02 EET" name="LikeUnlikeCommentPost" data-provider="UserInformation" finished-at="2024-01-09T00:17:04 EET" duration-ms="2676" status="PASS">
          <params>
            <param index="0">
              <value>
                <![CDATA[Iliyana1]]>
              </value>
            </param>
            <param index="1">
              <value>
                <![CDATA[123456]]>
              </value>
            </param>
          </params>
          <reporter-output>
          </reporter-output>
        </test-method> <!-- LikeUnlikeCommentPost -->
        <test-method is-config="true" signature="setupAftermethods(org.testng.ITestResult)[pri:0, instance:LikeUnlikeAndCommentPostTest@159f197]" started-at="2024-01-09T00:17:04 EET" name="setupAftermethods" finished-at="2024-01-09T00:17:04 EET" duration-ms="155" status="PASS">
          <params>
            <param index="0">
              <value>
                <![CDATA[[TestResult name=LikeUnlikeCommentPost status=SUCCESS method=LikeUnlikeAndCommentPostTest.LikeUnlikeCommentPost(java.lang.String,java.lang.String)[pri:0, instance:LikeUnlikeAndCommentPostTest@159f197] output={null}]]]>
              </value>
            </param>
          </params>
          <reporter-output>
          </reporter-output>
        </test-method> <!-- setupAftermethods -->
        <test-method is-config="true" signature="setupMethods()[pri:0, instance:LikeUnlikeAndCommentPostTest@159f197]" started-at="2024-01-09T00:17:04 EET" name="setupMethods" finished-at="2024-01-09T00:17:06 EET" duration-ms="1581" status="PASS">
          <reporter-output>
          </reporter-output>
        </test-method> <!-- setupMethods -->
        <test-method signature="LikeUnlikeCommentPost(java.lang.String,java.lang.String)[pri:0, instance:LikeUnlikeAndCommentPostTest@159f197]" started-at="2024-01-09T00:17:06 EET" name="LikeUnlikeCommentPost" data-provider="UserInformation" finished-at="2024-01-09T00:17:08 EET" duration-ms="2494" status="PASS">
          <params>
            <param index="0">
              <value>
                <![CDATA[Iliyana1]]>
              </value>
            </param>
            <param index="1">
              <value>
                <![CDATA[123456]]>
              </value>
            </param>
          </params>
          <reporter-output>
          </reporter-output>
        </test-method> <!-- LikeUnlikeCommentPost -->
        <test-method is-config="true" signature="setupAftermethods(org.testng.ITestResult)[pri:0, instance:LikeUnlikeAndCommentPostTest@159f197]" started-at="2024-01-09T00:17:08 EET" name="setupAftermethods" finished-at="2024-01-09T00:17:09 EET" duration-ms="164" status="PASS">
          <params>
            <param index="0">
              <value>
                <![CDATA[[TestResult name=LikeUnlikeCommentPost status=SUCCESS method=LikeUnlikeAndCommentPostTest.LikeUnlikeCommentPost(java.lang.String,java.lang.String)[pri:0, instance:LikeUnlikeAndCommentPostTest@159f197] output={null}]]]>
              </value>
            </param>
          </params>
          <reporter-output>
          </reporter-output>
        </test-method> <!-- setupAftermethods -->
        <test-method is-config="true" signature="setupMethods()[pri:0, instance:LikeUnlikeAndCommentPostTest@159f197]" started-at="2024-01-09T00:17:09 EET" name="setupMethods" finished-at="2024-01-09T00:17:10 EET" duration-ms="1621" status="PASS">
          <reporter-output>
          </reporter-output>
        </test-method> <!-- setupMethods -->
        <test-method signature="LikeUnlikeCommentPost(java.lang.String,java.lang.String)[pri:0, instance:LikeUnlikeAndCommentPostTest@159f197]" started-at="2024-01-09T00:17:10 EET" name="LikeUnlikeCommentPost" data-provider="UserInformation" finished-at="2024-01-09T00:17:13 EET" duration-ms="2573" status="PASS">
          <params>
            <param index="0">
              <value>
                <![CDATA[Iliyana1]]>
              </value>
            </param>
            <param index="1">
              <value>
                <![CDATA[123456]]>
              </value>
            </param>
          </params>
          <reporter-output>
          </reporter-output>
        </test-method> <!-- LikeUnlikeCommentPost -->
        <test-method is-config="true" signature="setupAftermethods(org.testng.ITestResult)[pri:0, instance:LikeUnlikeAndCommentPostTest@159f197]" started-at="2024-01-09T00:17:13 EET" name="setupAftermethods" finished-at="2024-01-09T00:17:13 EET" duration-ms="176" status="PASS">
          <params>
            <param index="0">
              <value>
                <![CDATA[[TestResult name=LikeUnlikeCommentPost status=SUCCESS method=LikeUnlikeAndCommentPostTest.LikeUnlikeCommentPost(java.lang.String,java.lang.String)[pri:0, instance:LikeUnlikeAndCommentPostTest@159f197] output={null}]]]>
              </value>
            </param>
          </params>
          <reporter-output>
          </reporter-output>
        </test-method> <!-- setupAftermethods -->
      </class> <!-- LikeUnlikeAndCommentPostTest -->
      <class name="FollowAndUnfollowUserTest">
        <test-method is-config="true" signature="setupMethods()[pri:0, instance:FollowAndUnfollowUserTest@647fd8ce]" started-at="2024-01-09T00:16:42 EET" name="setupMethods" finished-at="2024-01-09T00:16:43 EET" duration-ms="1518" status="PASS">
          <reporter-output>
          </reporter-output>
        </test-method> <!-- setupMethods -->
        <test-method signature="FollowAndUnfollowUser(java.lang.String,java.lang.String)[pri:0, instance:FollowAndUnfollowUserTest@647fd8ce]" started-at="2024-01-09T00:16:43 EET" name="FollowAndUnfollowUser" data-provider="UserInformation" finished-at="2024-01-09T00:16:51 EET" duration-ms="7377" status="FAIL">
          <params>
            <param index="0">
              <value>
                <![CDATA[Iliyana1]]>
              </value>
            </param>
            <param index="1">
              <value>
                <![CDATA[123456]]>
              </value>
            </param>
          </params>
          <exception class="org.openqa.selenium.NoSuchElementException">
            <message>
              <![CDATA[no such element: Unable to locate element: {"method":"css selector","selector":".profile-user-settings .btn.btn-primary.profile-edit-btn.ng-star-inserted"}
  (Session info: chrome=120.0.6099.200)
For documentation on this error, please visit: https://www.selenium.dev/documentation/webdriver/troubleshooting/errors#no-such-element-exception
Build info: version: '4.15.0', revision: '1d14b5521b'
System info: os.name: 'Windows 10', os.arch: 'amd64', os.version: '10.0', java.version: '14.0.2'
Driver info: org.openqa.selenium.chrome.ChromeDriver
Command: [16052531a8031c6aa1b8506c1a6ddb55, findElement {using=css selector, value=.profile-user-settings .btn.btn-primary.profile-edit-btn.ng-star-inserted}]
Capabilities {acceptInsecureCerts: false, browserName: chrome, browserVersion: 120.0.6099.200, chrome: {chromedriverVersion: 120.0.6099.109 (3419140ab66..., userDataDir: C:\Users\ILIYAN~1.VAS\AppDa...}, fedcm:accounts: true, goog:chromeOptions: {debuggerAddress: localhost:54210}, networkConnectionEnabled: false, pageLoadStrategy: normal, platformName: windows, proxy: Proxy(), se:cdp: ws://localhost:54210/devtoo..., se:cdpVersion: 120.0.6099.200, setWindowRect: true, strictFileInteractability: false, timeouts: {implicit: 0, pageLoad: 300000, script: 30000}, unhandledPromptBehavior: dismiss and notify, webauthn:extension:credBlob: true, webauthn:extension:largeBlob: true, webauthn:extension:minPinLength: true, webauthn:extension:prf: true, webauthn:virtualAuthenticators: true}
Session ID: 16052531a8031c6aa1b8506c1a6ddb55]]>
            </message>
            <full-stacktrace>
              <![CDATA[org.openqa.selenium.NoSuchElementException: no such element: Unable to locate element: {"method":"css selector","selector":".profile-user-settings .btn.btn-primary.profile-edit-btn.ng-star-inserted"}
  (Session info: chrome=120.0.6099.200)
For documentation on this error, please visit: https://www.selenium.dev/documentation/webdriver/troubleshooting/errors#no-such-element-exception
Build info: version: '4.15.0', revision: '1d14b5521b'
System info: os.name: 'Windows 10', os.arch: 'amd64', os.version: '10.0', java.version: '14.0.2'
Driver info: org.openqa.selenium.chrome.ChromeDriver
Command: [16052531a8031c6aa1b8506c1a6ddb55, findElement {using=css selector, value=.profile-user-settings .btn.btn-primary.profile-edit-btn.ng-star-inserted}]
Capabilities {acceptInsecureCerts: false, browserName: chrome, browserVersion: 120.0.6099.200, chrome: {chromedriverVersion: 120.0.6099.109 (3419140ab66..., userDataDir: C:\Users\ILIYAN~1.VAS\AppDa...}, fedcm:accounts: true, goog:chromeOptions: {debuggerAddress: localhost:54210}, networkConnectionEnabled: false, pageLoadStrategy: normal, platformName: windows, proxy: Proxy(), se:cdp: ws://localhost:54210/devtoo..., se:cdpVersion: 120.0.6099.200, setWindowRect: true, strictFileInteractability: false, timeouts: {implicit: 0, pageLoad: 300000, script: 30000}, unhandledPromptBehavior: dismiss and notify, webauthn:extension:credBlob: true, webauthn:extension:largeBlob: true, webauthn:extension:minPinLength: true, webauthn:extension:prf: true, webauthn:virtualAuthenticators: true}
Session ID: 16052531a8031c6aa1b8506c1a6ddb55
at java.base/jdk.internal.reflect.NativeConstructorAccessorImpl.newInstance0(Native Method)
at java.base/jdk.internal.reflect.NativeConstructorAccessorImpl.newInstance(NativeConstructorAccessorImpl.java:62)
at java.base/jdk.internal.reflect.DelegatingConstructorAccessorImpl.newInstance(DelegatingConstructorAccessorImpl.java:45)
at java.base/java.lang.reflect.Constructor.newInstanceWithCaller(Constructor.java:500)
at java.base/java.lang.reflect.Constructor.newInstance(Constructor.java:481)
at org.openqa.selenium.remote.codec.w3c.W3CHttpResponseCodec.createException(W3CHttpResponseCodec.java:200)
at org.openqa.selenium.remote.codec.w3c.W3CHttpResponseCodec.decode(W3CHttpResponseCodec.java:133)
at org.openqa.selenium.remote.codec.w3c.W3CHttpResponseCodec.decode(W3CHttpResponseCodec.java:52)
at org.openqa.selenium.remote.HttpCommandExecutor.execute(HttpCommandExecutor.java:191)
at org.openqa.selenium.remote.service.DriverCommandExecutor.invokeExecute(DriverCommandExecutor.java:200)
at org.openqa.selenium.remote.service.DriverCommandExecutor.execute(DriverCommandExecutor.java:175)
at org.openqa.selenium.remote.RemoteWebDriver.execute(RemoteWebDriver.java:607)
at org.openqa.selenium.remote.ElementLocation$ElementFinder$2.findElement(ElementLocation.java:165)
at org.openqa.selenium.remote.ElementLocation.findElement(ElementLocation.java:59)
at org.openqa.selenium.remote.RemoteWebDriver.findElement(RemoteWebDriver.java:364)
at org.openqa.selenium.remote.RemoteWebDriver.findElement(RemoteWebDriver.java:358)
at org.openqa.selenium.support.pagefactory.DefaultElementLocator.findElement(DefaultElementLocator.java:68)
at org.openqa.selenium.support.pagefactory.internal.LocatingElementHandler.invoke(LocatingElementHandler.java:38)
at com.sun.proxy.$Proxy12.click(Unknown Source)
at UserPage.FollowButtonClick(UserPage.java:26)
at FollowAndUnfollowUserTest.FollowAndUnfollowUser(FollowAndUnfollowUserTest.java:38)
at java.base/jdk.internal.reflect.NativeMethodAccessorImpl.invoke0(Native Method)
at java.base/jdk.internal.reflect.NativeMethodAccessorImpl.invoke(NativeMethodAccessorImpl.java:62)
at java.base/jdk.internal.reflect.DelegatingMethodAccessorImpl.invoke(DelegatingMethodAccessorImpl.java:43)
at java.base/java.lang.reflect.Method.invoke(Method.java:564)
at org.testng.internal.invokers.MethodInvocationHelper.invokeMethod(MethodInvocationHelper.java:139)
at org.testng.internal.invokers.TestInvoker.invokeMethod(TestInvoker.java:677)
at org.testng.internal.invokers.TestInvoker.invokeTestMethod(TestInvoker.java:221)
at org.testng.internal.invokers.MethodRunner.runInSequence(MethodRunner.java:50)
at org.testng.internal.invokers.TestInvoker$MethodInvocationAgent.invoke(TestInvoker.java:969)
at org.testng.internal.invokers.TestInvoker.invokeTestMethods(TestInvoker.java:194)
at org.testng.internal.invokers.TestMethodWorker.invokeTestMethods(TestMethodWorker.java:148)
at org.testng.internal.invokers.TestMethodWorker.run(TestMethodWorker.java:128)
at java.base/java.util.ArrayList.forEach(ArrayList.java:1511)
at org.testng.TestRunner.privateRun(TestRunner.java:829)
at org.testng.TestRunner.run(TestRunner.java:602)
at org.testng.SuiteRunner.runTest(SuiteRunner.java:437)
at org.testng.SuiteRunner.runSequentially(SuiteRunner.java:431)
at org.testng.SuiteRunner.privateRun(SuiteRunner.java:391)
at org.testng.SuiteRunner.run(SuiteRunner.java:330)
at org.testng.SuiteRunnerWorker.runSuite(SuiteRunnerWorker.java:52)
at org.testng.SuiteRunnerWorker.run(SuiteRunnerWorker.java:95)
at org.testng.TestNG.runSuitesSequentially(TestNG.java:1256)
at org.testng.TestNG.runSuitesLocally(TestNG.java:1176)
at org.testng.TestNG.runSuites(TestNG.java:1099)
at org.testng.TestNG.run(TestNG.java:1067)
at org.apache.maven.surefire.testng.TestNGExecutor.run(TestNGExecutor.java:151)
at org.apache.maven.surefire.testng.TestNGDirectoryTestSuite.executeMulti(TestNGDirectoryTestSuite.java:192)
at org.apache.maven.surefire.testng.TestNGDirectoryTestSuite.execute(TestNGDirectoryTestSuite.java:93)
at org.apache.maven.surefire.testng.TestNGProvider.invoke(TestNGProvider.java:155)
at org.apache.maven.surefire.booter.ForkedBooter.runSuitesInProcess(ForkedBooter.java:456)
at org.apache.maven.surefire.booter.ForkedBooter.execute(ForkedBooter.java:169)
at org.apache.maven.surefire.booter.ForkedBooter.run(ForkedBooter.java:595)
at org.apache.maven.surefire.booter.ForkedBooter.main(ForkedBooter.java:581)
]]>
            </full-stacktrace>
          </exception> <!-- org.openqa.selenium.NoSuchElementException -->
          <reporter-output>
          </reporter-output>
        </test-method> <!-- FollowAndUnfollowUser -->
        <test-method is-config="true" signature="setupAftermethods(org.testng.ITestResult)[pri:0, instance:FollowAndUnfollowUserTest@647fd8ce]" started-at="2024-01-09T00:16:51 EET" name="setupAftermethods" finished-at="2024-01-09T00:16:51 EET" duration-ms="411" status="PASS">
          <params>
            <param index="0">
              <value>
                <![CDATA[[TestResult name=FollowAndUnfollowUser status=FAILURE method=FollowAndUnfollowUserTest.FollowAndUnfollowUser(java.lang.String,java.lang.String)[pri:0, instance:FollowAndUnfollowUserTest@647fd8ce] output={null}]]]>
              </value>
            </param>
          </params>
          <reporter-output>
          </reporter-output>
        </test-method> <!-- setupAftermethods -->
      </class> <!-- FollowAndUnfollowUserTest -->
      <class name="NewPostAndDeleteTest">
        <test-method is-config="true" signature="setupMethods()[pri:0, instance:NewPostAndDeleteTest@78aab498]" started-at="2024-01-09T00:17:13 EET" name="setupMethods" finished-at="2024-01-09T00:17:14 EET" duration-ms="1504" status="PASS">
          <reporter-output>
          </reporter-output>
        </test-method> <!-- setupMethods -->
        <test-method signature="testUploadImage(java.lang.String,java.lang.String,java.io.File,java.lang.String)[pri:0, instance:NewPostAndDeleteTest@78aab498]" started-at="2024-01-09T00:17:14 EET" name="testUploadImage" data-provider="UserInformation" finished-at="2024-01-09T00:17:19 EET" duration-ms="4512" status="PASS">
          <params>
            <param index="0">
              <value>
                <![CDATA[Iliyana1]]>
              </value>
            </param>
            <param index="1">
              <value>
                <![CDATA[123456]]>
              </value>
            </param>
            <param index="2">
              <value>
                <![CDATA[src\main\resources\Upload\au9i1g9hn-1200x595.jpg]]>
              </value>
            </param>
            <param index="3">
              <value>
                <![CDATA[Test caption]]>
              </value>
            </param>
          </params>
          <reporter-output>
          </reporter-output>
        </test-method> <!-- testUploadImage -->
        <test-method is-config="true" signature="setupAftermethods(org.testng.ITestResult)[pri:0, instance:NewPostAndDeleteTest@78aab498]" started-at="2024-01-09T00:17:19 EET" name="setupAftermethods" finished-at="2024-01-09T00:17:19 EET" duration-ms="163" status="PASS">
          <params>
            <param index="0">
              <value>
                <![CDATA[[TestResult name=testUploadImage status=SUCCESS method=NewPostAndDeleteTest.testUploadImage(java.lang.String,java.lang.String,java.io.File,java.lang.String)[pri:0, instance:NewPostAndDeleteTest@78aab498] output={null}]]]>
              </value>
            </param>
          </params>
          <reporter-output>
          </reporter-output>
        </test-method> <!-- setupAftermethods -->
      </class> <!-- NewPostAndDeleteTest -->
    </test> <!-- Surefire test -->
  </suite> <!-- Surefire suite -->
</testng-results>
